Jan 17, 2017 7:58:19 PM org.apache.catalina.core.AprLifecycleListener init
INFO: The APR based Apache Tomcat Native library which allows optimal performance in production environments was not found on the java.library.path: /Users/nicolasrusig/Library/Java/Extensions:/Library/Java/Extensions:/Network/Library/Java/Extensions:/System/Library/Java/Extensions:/usr/lib/java:.
Jan 17, 2017 7:58:19 PM org.apache.coyote.AbstractProtocol init
INFO: Initializing ProtocolHandler ["http-bio-8080"]
Jan 17, 2017 7:58:19 PM org.apache.coyote.AbstractProtocol init
INFO: Initializing ProtocolHandler ["ajp-bio-8009"]
Jan 17, 2017 7:58:20 PM org.apache.openejb.util.OptionsLog info
INFO: Using 'tomee.remote.support=true'
Jan 17, 2017 7:58:20 PM org.apache.openejb.util.OptionsLog info
INFO: Using 'openejb.jdbc.datasource-creator=org.apache.tomee.jdbc.TomEEDataSourceCreator'
Jan 17, 2017 7:58:20 PM org.apache.openejb.OpenEJB$Instance <init>
INFO: ********************************************************************************
Jan 17, 2017 7:58:20 PM org.apache.openejb.OpenEJB$Instance <init>
INFO: OpenEJB http://openejb.apache.org/
Jan 17, 2017 7:58:20 PM org.apache.openejb.OpenEJB$Instance <init>
INFO: Startup: Tue Jan 17 19:58:20 CET 2017
Jan 17, 2017 7:58:20 PM org.apache.openejb.OpenEJB$Instance <init>
INFO: Copyright 1999-2013 (C) Apache OpenEJB Project, All Rights Reserved.
Jan 17, 2017 7:58:20 PM org.apache.openejb.OpenEJB$Instance <init>
INFO: Version: 4.7.1
Jan 17, 2017 7:58:20 PM org.apache.openejb.OpenEJB$Instance <init>
INFO: Build date: 20140912
Jan 17, 2017 7:58:20 PM org.apache.openejb.OpenEJB$Instance <init>
INFO: Build time: 01:43
Jan 17, 2017 7:58:20 PM org.apache.openejb.OpenEJB$Instance <init>
INFO: ********************************************************************************
Jan 17, 2017 7:58:20 PM org.apache.openejb.OpenEJB$Instance <init>
INFO: openejb.home = /Users/nicolasrusig/Epitech/Java_area_2016/Area/target/apache-tomee
Jan 17, 2017 7:58:20 PM org.apache.openejb.OpenEJB$Instance <init>
INFO: openejb.base = /Users/nicolasrusig/Epitech/Java_area_2016/Area/target/apache-tomee
Jan 17, 2017 7:58:20 PM org.apache.openejb.cdi.CdiBuilder initializeOWB
INFO: Created new singletonService org.apache.openejb.cdi.ThreadSingletonServiceImpl@1e9e725a
Jan 17, 2017 7:58:20 PM org.apache.openejb.cdi.CdiBuilder initializeOWB
INFO: Succeeded in installing singleton service
Jan 17, 2017 7:58:20 PM org.apache.openejb.config.ConfigurationFactory init
INFO: openejb configuration file is '/Users/nicolasrusig/Epitech/Java_area_2016/Area/target/apache-tomee/conf/tomee.xml'
Jan 17, 2017 7:58:20 PM org.apache.openejb.config.ConfigurationFactory configureService
INFO: Configuring Service(id=Tomcat Security Service, type=SecurityService, provider-id=Tomcat Security Service)
Jan 17, 2017 7:58:20 PM org.apache.openejb.config.ConfigurationFactory configureService
INFO: Configuring Service(id=Default Transaction Manager, type=TransactionManager, provider-id=Default Transaction Manager)
Jan 17, 2017 7:58:20 PM org.apache.openejb.util.OptionsLog info
INFO: Using 'openejb.system.apps=false'
Jan 17, 2017 7:58:20 PM org.apache.openejb.util.OptionsLog info
INFO: Using 'openejb.deployments.classpath=false'
Jan 17, 2017 7:58:20 PM org.apache.openejb.assembler.classic.Assembler createRecipe
INFO: Creating TransactionManager(id=Default Transaction Manager)
Jan 17, 2017 7:58:20 PM org.apache.openejb.assembler.classic.Assembler createRecipe
INFO: Creating SecurityService(id=Tomcat Security Service)
Jan 17, 2017 7:58:25 PM org.apache.openejb.server.ServiceManager initServer
INFO: Creating ServerService(id=cxf)
Jan 17, 2017 7:58:25 PM org.apache.openejb.server.ServiceManager initServer
INFO: Creating ServerService(id=cxf-rs)
Jan 17, 2017 7:58:26 PM org.apache.openejb.server.SimpleServiceManager start
INFO:   ** Bound Services **
Jan 17, 2017 7:58:26 PM org.apache.openejb.server.SimpleServiceManager printRow
INFO:   NAME                 IP              PORT  
Jan 17, 2017 7:58:26 PM org.apache.openejb.server.SimpleServiceManager start
INFO: -------
Jan 17, 2017 7:58:26 PM org.apache.openejb.server.SimpleServiceManager start
INFO: Ready!
Jan 17, 2017 7:58:26 PM org.apache.catalina.startup.Catalina load
INFO: Initialization processed in 6718 ms
Jan 17, 2017 7:58:26 PM org.apache.tomee.catalina.OpenEJBNamingContextListener bindResource
INFO: Importing a Tomcat Resource with id 'UserDatabase' of type 'org.apache.catalina.UserDatabase'.
Jan 17, 2017 7:58:26 PM org.apache.openejb.assembler.classic.Assembler createRecipe
INFO: Creating Resource(id=UserDatabase)
Jan 17, 2017 7:58:26 PM org.apache.catalina.core.StandardService startInternal
INFO: Starting service Catalina
Jan 17, 2017 7:58:26 PM org.apache.catalina.core.StandardEngine startInternal
INFO: Starting Servlet Engine: Apache Tomcat (TomEE)/7.0.55 (1.7.1)
Jan 17, 2017 7:58:26 PM org.apache.catalina.startup.HostConfig deployWAR
INFO: Deploying web application archive /Users/nicolasrusig/Epitech/Java_area_2016/Area/target/apache-tomee/webapps/area-1.0-SNAPSHOT.war
Jan 17, 2017 7:58:26 PM org.apache.tomee.catalina.TomcatWebAppBuilder init
INFO: ------------------------- localhost -> /area-1.0-SNAPSHOT
Jan 17, 2017 7:58:26 PM org.apache.openejb.util.JarExtractor extract
INFO: Extracting jar: /Users/nicolasrusig/Epitech/Java_area_2016/Area/target/apache-tomee/webapps/area-1.0-SNAPSHOT.war
Jan 17, 2017 7:58:26 PM org.apache.openejb.util.JarExtractor extract
INFO: Extracted path: /Users/nicolasrusig/Epitech/Java_area_2016/Area/target/apache-tomee/webapps/area-1.0-SNAPSHOT
Jan 17, 2017 7:58:26 PM org.apache.openejb.util.OptionsLog info
INFO: Using 'openejb.session.manager=org.apache.tomee.catalina.session.QuickSessionManager'
Jan 17, 2017 7:58:26 PM org.apache.catalina.loader.WebappClassLoader validateJarFile
INFO: validateJarFile(/Users/nicolasrusig/Epitech/Java_area_2016/Area/target/apache-tomee/webapps/area-1.0-SNAPSHOT/WEB-INF/lib/javaee-api-7.0-1.jar) - jar not loaded. See Servlet Spec 3.0, section 10.7.2. Offending class: javax/servlet/Servlet.class
Jan 17, 2017 7:58:26 PM org.apache.openejb.config.ConfigurationFactory configureApplication
INFO: Configuring enterprise application: /Users/nicolasrusig/Epitech/Java_area_2016/Area/target/apache-tomee/webapps/area-1.0-SNAPSHOT
Jan 17, 2017 7:58:26 PM org.apache.openejb.config.InitEjbDeployments deploy
INFO: Auto-deploying ejb Scheduler: EjbDeployment(deployment-id=Scheduler)
Jan 17, 2017 7:58:26 PM org.apache.openejb.config.ConfigurationFactory configureService
INFO: Configuring Service(id=Default Singleton Container, type=Container, provider-id=Default Singleton Container)
Jan 17, 2017 7:58:26 PM org.apache.openejb.config.AutoConfig createContainer
INFO: Auto-creating a container for bean Scheduler: Container(type=SINGLETON, id=Default Singleton Container)
Jan 17, 2017 7:58:26 PM org.apache.openejb.assembler.classic.Assembler createRecipe
INFO: Creating Container(id=Default Singleton Container)
Jan 17, 2017 7:58:27 PM org.apache.openejb.config.AppInfoBuilder build
INFO: Enterprise application "/Users/nicolasrusig/Epitech/Java_area_2016/Area/target/apache-tomee/webapps/area-1.0-SNAPSHOT" loaded.
Jan 17, 2017 7:58:27 PM org.apache.openejb.assembler.classic.Assembler createApplication
INFO: Assembling app: /Users/nicolasrusig/Epitech/Java_area_2016/Area/target/apache-tomee/webapps/area-1.0-SNAPSHOT
Jan 17, 2017 7:58:27 PM org.apache.openejb.assembler.classic.JndiBuilder bind
INFO: Jndi(name=SchedulerLocalBean) --> Ejb(deployment-id=Scheduler)
Jan 17, 2017 7:58:27 PM org.apache.openejb.assembler.classic.JndiBuilder bind
INFO: Jndi(name=global/area-1.0-SNAPSHOT/Scheduler!com.beans.Scheduler) --> Ejb(deployment-id=Scheduler)
Jan 17, 2017 7:58:27 PM org.apache.openejb.assembler.classic.JndiBuilder bind
INFO: Jndi(name=global/area-1.0-SNAPSHOT/Scheduler) --> Ejb(deployment-id=Scheduler)
Jan 17, 2017 7:58:27 PM org.apache.openejb.cdi.CdiBuilder initSingleton
INFO: Existing thread singleton service in SystemInstance(): org.apache.openejb.cdi.ThreadSingletonServiceImpl@1e9e725a
Jan 17, 2017 7:58:27 PM org.apache.openejb.cdi.OpenEJBLifecycle startApplication
INFO: OpenWebBeans Container is starting...
Jan 17, 2017 7:58:27 PM org.apache.webbeans.plugins.PluginLoader startUp
INFO: Adding OpenWebBeansPlugin : [CdiPlugin]
Jan 17, 2017 7:58:27 PM org.apache.webbeans.plugins.PluginLoader startUp
INFO: Adding OpenWebBeansPlugin : [OpenWebBeansJsfPlugin]
Jan 17, 2017 7:58:27 PM org.apache.webbeans.config.BeansDeployer validateInjectionPoints
INFO: All injection points were validated successfully.
Jan 17, 2017 7:58:27 PM org.apache.openejb.cdi.OpenEJBLifecycle startApplication
INFO: OpenWebBeans Container has started, it took 126 ms.
Jan 17, 2017 7:58:27 PM org.apache.openejb.assembler.classic.Assembler startEjbs
INFO: Created Ejb(deployment-id=Scheduler, ejb-name=Scheduler, container=Default Singleton Container)
Jan 17, 2017 7:58:27 PM org.apache.openejb.quartz.impl.StdSchedulerFactory instantiate
INFO: Using default implementation for ThreadExecutor
Jan 17, 2017 7:58:27 PM org.apache.openejb.quartz.core.SchedulerSignalerImpl <init>
INFO: Initialized Scheduler Signaller of type: class org.apache.openejb.quartz.core.SchedulerSignalerImpl
Jan 17, 2017 7:58:27 PM org.apache.openejb.quartz.core.QuartzScheduler <init>
INFO: Quartz Scheduler v.2.2.1 created.
Jan 17, 2017 7:58:27 PM org.apache.openejb.quartz.simpl.RAMJobStore initialize
INFO: RAMJobStore initialized.
Jan 17, 2017 7:58:27 PM org.apache.openejb.quartz.core.QuartzScheduler initialize
INFO: Scheduler meta-data: Quartz Scheduler (v2.2.1) 'OpenEJB-TimerService-Scheduler' with instanceId 'OpenEJB'
  Scheduler class: 'org.apache.openejb.quartz.core.QuartzScheduler' - running locally.
  NOT STARTED.
  Currently in standby mode.
  Number of jobs executed: 0
  Using thread pool 'org.apache.openejb.core.timer.DefaultTimerThreadPoolAdapter' - with 0 threads.
  Using job-store 'org.apache.openejb.quartz.simpl.RAMJobStore' - which does not support persistence. and is not clustered.

Jan 17, 2017 7:58:27 PM org.apache.openejb.quartz.impl.StdSchedulerFactory instantiate
INFO: Quartz scheduler 'OpenEJB-TimerService-Scheduler' initialized from an externally provided properties instance.
Jan 17, 2017 7:58:27 PM org.apache.openejb.quartz.impl.StdSchedulerFactory instantiate
INFO: Quartz scheduler version: 2.2.1
Jan 17, 2017 7:58:27 PM org.apache.openejb.quartz.core.QuartzScheduler start
INFO: Scheduler OpenEJB-TimerService-Scheduler_$_OpenEJB started.
Jan 17, 2017 7:58:27 PM org.apache.openejb.assembler.classic.Assembler startEjbs
INFO: Started Ejb(deployment-id=Scheduler, ejb-name=Scheduler, container=Default Singleton Container)
Jan 17, 2017 7:58:27 PM org.apache.openejb.assembler.classic.Assembler createApplication
INFO: Deployed Application(path=/Users/nicolasrusig/Epitech/Java_area_2016/Area/target/apache-tomee/webapps/area-1.0-SNAPSHOT)
Jan 17, 2017 7:58:28 PM org.apache.catalina.startup.HostConfig deployWAR
INFO: Deployment of web application archive /Users/nicolasrusig/Epitech/Java_area_2016/Area/target/apache-tomee/webapps/area-1.0-SNAPSHOT.war has finished in 2,060 ms
Jan 17, 2017 7:58:28 PM org.apache.coyote.AbstractProtocol start
INFO: Starting ProtocolHandler ["http-bio-8080"]
Jan 17, 2017 7:58:28 PM org.apache.coyote.AbstractProtocol start
INFO: Starting ProtocolHandler ["ajp-bio-8009"]
Jan 17, 2017 7:58:28 PM org.apache.catalina.startup.Catalina start
INFO: Server startup in 2137 ms
